2021-02-03 16:40:56 - PHP Warning:  mkdir(): File exists in C:\xampp\htdocs\opencart-3.0.3.7\system\storage\vendor\twig\twig\src\Cache\FilesystemCache.php on line 54
2021-02-03 16:40:57 - PHP Warning:  mkdir(): File exists in C:\xampp\htdocs\opencart-3.0.3.7\system\storage\vendor\twig\twig\src\Cache\FilesystemCache.php on line 54
2021-02-03 16:40:57 - PHP Warning:  rename(C:\xampp\htdocs\opencart-3.0.3.7\system\storage\cache\template\8e\8ed56BE.tmp,C:/xampp/htdocs/opencart-3.0.3.7/system/storage/cache/template/8e/8edb4e13672148a4bfb8122120a41208f54697d1edf35b52dbf811fe4899533b.php): Access is denied (code: 5) in C:\xampp\htdocs\opencart-3.0.3.7\system\storage\vendor\twig\twig\src\Cache\FilesystemCache.php on line 65
2021-02-04 11:06:50 - PHP Warning:  mail(): Failed to connect to mailserver at &quot;localhost&quot; port 25, verify your &quot;SMTP&quot; and &quot;smtp_port&quot; setting in php.ini or use ini_set() in C:\xampp\htdocs\opencart-3.0.3.7\system\library\mail\mail.php on line 77
2021-02-04 11:07:16 - PHP Warning:  mail(): Failed to connect to mailserver at &quot;localhost&quot; port 25, verify your &quot;SMTP&quot; and &quot;smtp_port&quot; setting in php.ini or use ini_set() in C:\xampp\htdocs\opencart-3.0.3.7\system\library\mail\mail.php on line 77
2021-02-04 11:07:18 - PHP Warning:  mail(): Failed to connect to mailserver at &quot;localhost&quot; port 25, verify your &quot;SMTP&quot; and &quot;smtp_port&quot; setting in php.ini or use ini_set() in C:\xampp\htdocs\opencart-3.0.3.7\system\library\mail\mail.php on line 77
2021-06-16 7:48:15 - PHP Warning:  call_user_func_array() expects parameter 1 to be a valid callback, cannot access protected method ControllerCatalogNews::add() in /opt/lampp/htdocs/demo/system/engine/action.php on line 79
2021-06-16 7:48:19 - PHP Warning:  call_user_func_array() expects parameter 1 to be a valid callback, cannot access protected method ControllerCatalogNews::add() in /opt/lampp/htdocs/demo/system/engine/action.php on line 79
2021-06-16 10:56:54 - PHP Notice:  Array to string conversion in /opt/lampp/htdocs/demo/admin/controller/catalog/news.php on line 275
2021-06-16 10:57:21 - PHP Notice:  Undefined index: title in /opt/lampp/htdocs/demo/admin/controller/catalog/news.php on line 275
2021-06-16 10:57:46 - PHP Notice:  Array to string conversion in /opt/lampp/htdocs/demo/admin/controller/catalog/news.php on line 275
2021-06-16 10:59:46 - PHP Notice:  Array to string conversion in /opt/lampp/htdocs/demo/admin/controller/catalog/product.php on line 590
2021-06-16 10:59:56 - PHP Notice:  Array to string conversion in /opt/lampp/htdocs/demo/admin/controller/catalog/product.php on line 590
2021-06-16 11:00:25 - PHP Notice:  Array to string conversion in /opt/lampp/htdocs/demo/admin/controller/catalog/product.php on line 590
2021-06-16 11:00:38 - PHP Notice:  Array to string conversion in /opt/lampp/htdocs/demo/admin/controller/catalog/product.php on line 590
2021-06-16 11:01:42 - PHP Notice:  Array to string conversion in /opt/lampp/htdocs/demo/admin/controller/catalog/product.php on line 594
2021-06-16 11:01:48 - PHP Notice:  Array to string conversion in /opt/lampp/htdocs/demo/admin/controller/catalog/news.php on line 280
2021-06-16 11:02:10 - PHP Notice:  Array to string conversion in /opt/lampp/htdocs/demo/admin/controller/catalog/news.php on line 280
2021-06-16 11:02:30 - PHP Notice:  Array to string conversion in /opt/lampp/htdocs/demo/admin/controller/catalog/news.php on line 280
2021-06-16 12:00:57 - PHP Notice:  Array to string conversion in /opt/lampp/htdocs/demo/admin/controller/catalog/news.php on line 122
2021-06-16 12:01:19 - PHP Notice:  Trying to get property 'title' of non-object in /opt/lampp/htdocs/demo/admin/controller/catalog/news.php on line 122
2021-06-16 12:04:19 - PHP Notice:  Array to string conversion in /opt/lampp/htdocs/demo/admin/model/catalog/news.php on line 114
2021-06-16 12:06:39 - PHP Warning:  mysqli_fetch_row() expects parameter 1 to be mysqli_result, object given in /opt/lampp/htdocs/demo/admin/model/catalog/news.php on line 115
2021-06-16 12:06:39 - PHP Notice:  Trying to access array offset on value of type null in /opt/lampp/htdocs/demo/admin/model/catalog/news.php on line 116
2021-06-16 12:06:39 - PHP Notice:  Trying to access array offset on value of type null in /opt/lampp/htdocs/demo/admin/model/catalog/news.php on line 117
2021-06-16 12:06:52 - PHP Warning:  mysqli_fetch_row() expects parameter 1 to be mysqli_result, object given in /opt/lampp/htdocs/demo/admin/model/catalog/news.php on line 115
2021-06-16 12:06:52 - PHP Notice:  Trying to access array offset on value of type null in /opt/lampp/htdocs/demo/admin/model/catalog/news.php on line 116
2021-06-16 12:10:13 - PHP Warning:  mysqli_fetch_row() expects parameter 1 to be mysqli_result, object given in /opt/lampp/htdocs/demo/admin/model/catalog/news.php on line 115
2021-06-16 12:11:47 - PHP Warning:  mysqli_fetch_row() expects parameter 1 to be mysqli_result, object given in /opt/lampp/htdocs/demo/admin/model/catalog/news.php on line 115
2021-06-16 12:12:25 - PHP Warning:  mysqli_fetch_row() expects parameter 1 to be mysqli_result, object given in /opt/lampp/htdocs/demo/admin/model/catalog/news.php on line 115
2021-06-16 12:16:38 - PHP Warning:  mysqli_fetch_array() expects parameter 1 to be mysqli_result, object given in /opt/lampp/htdocs/demo/admin/model/catalog/news.php on line 115
2021-06-16 12:25:44 - PHP Notice:  Undefined variable: query in /opt/lampp/htdocs/demo/admin/model/catalog/news.php on line 121
2021-06-16 12:25:44 - PHP Notice:  Trying to get property 'rows' of non-object in /opt/lampp/htdocs/demo/admin/model/catalog/news.php on line 121
2021-06-16 12:25:44 - PHP Warning:  Invalid argument supplied for foreach() in /opt/lampp/htdocs/demo/admin/controller/catalog/news.php on line 123
2021-06-16 12:37:56 - PHP Notice:  Array to string conversion in /opt/lampp/htdocs/demo/admin/model/catalog/news.php on line 114
2021-06-16 13:21:05 - PHP Notice:  Array to string conversion in /opt/lampp/htdocs/demo/admin/controller/catalog/news.php on line 309
2021-06-16 13:21:07 - PHP Notice:  Array to string conversion in /opt/lampp/htdocs/demo/admin/controller/catalog/news.php on line 309
2021-06-16 13:52:11 - PHP Notice:  Undefined index: meta_title in /opt/lampp/htdocs/demo/admin/model/catalog/news.php on line 124
2021-06-16 14:17:30 - PHP Notice:  Undefined index: meta_title in /opt/lampp/htdocs/demo/admin/model/catalog/news.php on line 96
2021-06-16 14:18:19 - PHP Notice:  Array to string conversion in /opt/lampp/htdocs/demo/admin/controller/catalog/news.php on line 298
2021-06-16 14:18:19 - PHP Notice:  Undefined index: meta_title in /opt/lampp/htdocs/demo/admin/model/catalog/news.php on line 96
2021-06-16 14:18:40 - PHP Notice:  Undefined index: meta_title in /opt/lampp/htdocs/demo/admin/model/catalog/news.php on line 96
2021-06-18 7:18:12 - PHP Notice:  Undefined index: warning in /opt/lampp/htdocs/demo/admin/controller/catalog/news.php on line 29
2021-06-18 7:18:14 - PHP Notice:  Undefined index: warning in /opt/lampp/htdocs/demo/admin/controller/catalog/news.php on line 29
2021-06-18 7:40:01 - PHP Notice:  Undefined index: printer_name in /opt/lampp/htdocs/demo/admin/model/catalog/news.php on line 4
2021-06-18 8:01:38 - PHP Notice:  Undefined index: printer_name in /opt/lampp/htdocs/demo/admin/model/catalog/news.php on line 4
2021-06-18 8:01:54 - PHP Notice:  Undefined index: printer_name in /opt/lampp/htdocs/demo/admin/model/catalog/news.php on line 4
2021-06-18 8:02:35 - PHP Notice:  Undefined index: printer_name in /opt/lampp/htdocs/demo/admin/model/catalog/news.php on line 4
2021-06-18 8:03:35 - PHP Notice:  Undefined index: printer_name in /opt/lampp/htdocs/demo/admin/model/catalog/news.php on line 4
2021-06-18 8:16:03 - PHP Notice:  Undefined index: printer_name in /opt/lampp/htdocs/demo/admin/model/catalog/news.php on line 4
2021-06-18 8:20:39 - PHP Notice:  Undefined index: printer_name in /opt/lampp/htdocs/demo/admin/model/catalog/news.php on line 4
2021-06-18 8:21:48 - PHP Notice:  Undefined index: printer_name in /opt/lampp/htdocs/demo/admin/model/catalog/news.php on line 4
2021-06-18 8:24:06 - PHP Notice:  Undefined index: printer_name in /opt/lampp/htdocs/demo/admin/model/catalog/news.php on line 4
2021-06-18 8:25:24 - PHP Notice:  Undefined index: printer_name in /opt/lampp/htdocs/demo/admin/model/catalog/news.php on line 4
2021-06-18 8:30:24 - PHP Notice:  Undefined index: printer_name in /opt/lampp/htdocs/demo/admin/model/catalog/news.php on line 4
2021-06-18 8:31:12 - PHP Notice:  Undefined index: printer_name in /opt/lampp/htdocs/demo/admin/model/catalog/news.php on line 4
2021-06-18 8:33:38 - PHP Notice:  Undefined index: printer_name in /opt/lampp/htdocs/demo/admin/model/catalog/news.php on line 4
2021-06-18 8:33:50 - PHP Notice:  Undefined index: printer_name in /opt/lampp/htdocs/demo/admin/model/catalog/news.php on line 4
2021-06-18 8:35:44 - PHP Notice:  Undefined index: printer_name in /opt/lampp/htdocs/demo/admin/model/catalog/news.php on line 4
2021-06-18 8:44:25 - PHP Notice:  Undefined index: printer_name in /opt/lampp/htdocs/demo/admin/model/catalog/news.php on line 4
2021-06-18 8:45:51 - PHP Notice:  Undefined index: printer_name in /opt/lampp/htdocs/demo/admin/model/catalog/news.php on line 4
2021-06-18 8:47:53 - PHP Notice:  Undefined index: printer_name in /opt/lampp/htdocs/demo/admin/model/catalog/news.php on line 4
2021-06-18 8:50:58 - PHP Notice:  Undefined index: printer_name in /opt/lampp/htdocs/demo/admin/model/catalog/news.php on line 32
2021-06-18 8:50:58 - PHP Notice:  Undefined index: date_added in /opt/lampp/htdocs/demo/admin/model/catalog/news.php on line 32
2021-06-18 8:52:22 - PHP Notice:  Undefined index: printer_name in /opt/lampp/htdocs/demo/admin/model/catalog/news.php on line 32
2021-06-18 8:52:22 - PHP Notice:  Undefined index: date_added in /opt/lampp/htdocs/demo/admin/model/catalog/news.php on line 32
2021-06-18 8:52:34 - PHP Notice:  Undefined index: printer_name in /opt/lampp/htdocs/demo/admin/model/catalog/news.php on line 32
2021-06-18 8:52:34 - PHP Notice:  Undefined index: date_added in /opt/lampp/htdocs/demo/admin/model/catalog/news.php on line 32
2021-06-18 8:53:31 - PHP Notice:  Undefined index: printer_name in /opt/lampp/htdocs/demo/admin/model/catalog/news.php on line 32
2021-06-18 8:53:31 - PHP Notice:  Undefined index: date_added in /opt/lampp/htdocs/demo/admin/model/catalog/news.php on line 32
2021-06-18 8:54:33 - PHP Notice:  Undefined index: printer_name in /opt/lampp/htdocs/demo/admin/model/catalog/news.php on line 32
2021-06-18 8:54:33 - PHP Notice:  Undefined index: date_added in /opt/lampp/htdocs/demo/admin/model/catalog/news.php on line 32
2021-06-18 8:55:18 - PHP Notice:  Undefined index: printer_name in /opt/lampp/htdocs/demo/admin/model/catalog/news.php on line 32
2021-06-18 8:59:56 - PHP Notice:  Undefined index: printer_name in /opt/lampp/htdocs/demo/admin/model/catalog/news.php on line 32
2021-06-18 9:08:34 - PHP Notice:  Undefined index: printer_name in /opt/lampp/htdocs/demo/admin/model/catalog/news.php on line 32
2021-06-18 9:16:10 - PHP Notice:  Undefined index: printer_name in /opt/lampp/htdocs/demo/admin/model/catalog/news.php on line 32
2021-06-18 9:20:43 - PHP Notice:  Array to string conversion in /opt/lampp/htdocs/demo/admin/controller/catalog/news.php on line 332
2021-06-18 9:21:29 - PHP Notice:  Array to string conversion in /opt/lampp/htdocs/demo/admin/controller/catalog/news.php on line 332
2021-06-18 9:25:08 - PHP Notice:  Undefined index: printer_name in /opt/lampp/htdocs/demo/admin/model/catalog/news.php on line 32
2021-06-18 9:30:44 - PHP Notice:  Undefined index: printer_name in /opt/lampp/htdocs/demo/admin/model/catalog/news.php on line 32
2021-06-18 9:41:17 - PHP Notice:  Array to string conversion in /opt/lampp/htdocs/demo/admin/controller/catalog/news.php on line 355
2021-06-18 9:41:17 - PHP Notice:  Array to string conversion in /opt/lampp/htdocs/demo/admin/controller/catalog/news.php on line 355
2021-06-18 9:41:17 - PHP Notice:  Array to string conversion in /opt/lampp/htdocs/demo/admin/controller/catalog/news.php on line 355
2021-06-18 9:41:48 - PHP Notice:  Array to string conversion in /opt/lampp/htdocs/demo/admin/controller/catalog/news.php on line 355
2021-06-18 9:41:48 - PHP Notice:  Array to string conversion in /opt/lampp/htdocs/demo/admin/controller/catalog/news.php on line 355
2021-06-18 9:41:48 - PHP Notice:  Array to string conversion in /opt/lampp/htdocs/demo/admin/controller/catalog/news.php on line 355
2021-06-18 9:50:35 - PHP Notice:  Undefined index: printer_name in /opt/lampp/htdocs/demo/admin/model/catalog/news.php on line 4
2021-06-18 10:01:39 - PHP Notice:  Undefined index: printer_name in /opt/lampp/htdocs/demo/admin/model/catalog/news.php on line 4
2021-06-18 10:02:04 - PHP Notice:  Undefined index: printer_name in /opt/lampp/htdocs/demo/admin/model/catalog/news.php on line 4
2021-06-18 10:06:01 - PHP Notice:  Undefined index: printer_name in /opt/lampp/htdocs/demo/admin/model/catalog/news.php on line 4
2021-06-18 10:09:31 - PHP Notice:  Undefined index: title in /opt/lampp/htdocs/demo/admin/controller/catalog/news.php on line 30
2021-06-18 10:09:31 - PHP Notice:  Undefined index: printer_name in /opt/lampp/htdocs/demo/admin/model/catalog/news.php on line 4
2021-06-18 10:46:48 - PHP Notice:  Undefined index: language in /opt/lampp/htdocs/demo/admin/controller/catalog/news.php on line 339
2021-06-18 10:47:27 - PHP Notice:  Undefined index: language in /opt/lampp/htdocs/demo/admin/controller/catalog/news.php on line 339
2021-06-18 10:47:27 - PHP Notice:  Undefined index: language in /opt/lampp/htdocs/demo/admin/controller/catalog/news.php on line 340
2021-06-18 10:55:33 - PHP Notice:  Undefined index: news_description in /opt/lampp/htdocs/demo/admin/controller/catalog/news.php on line 344
2021-06-18 10:55:33 - PHP Notice:  Trying to access array offset on value of type null in /opt/lampp/htdocs/demo/admin/controller/catalog/news.php on line 344
2021-06-18 10:55:33 - PHP Notice:  Trying to access array offset on value of type null in /opt/lampp/htdocs/demo/admin/controller/catalog/news.php on line 344
2021-06-18 10:55:33 - PHP Notice:  Undefined index: news_description in /opt/lampp/htdocs/demo/admin/controller/catalog/news.php on line 345
2021-06-18 10:55:33 - PHP Notice:  Trying to access array offset on value of type null in /opt/lampp/htdocs/demo/admin/controller/catalog/news.php on line 345
2021-06-18 10:55:33 - PHP Notice:  Trying to access array offset on value of type null in /opt/lampp/htdocs/demo/admin/controller/catalog/news.php on line 345
2021-06-18 10:55:33 - PHP Notice:  Undefined index: news_description in /opt/lampp/htdocs/demo/admin/controller/catalog/news.php on line 346
2021-06-18 10:55:33 - PHP Notice:  Trying to access array offset on value of type null in /opt/lampp/htdocs/demo/admin/controller/catalog/news.php on line 346
2021-06-18 10:55:33 - PHP Notice:  Trying to access array offset on value of type null in /opt/lampp/htdocs/demo/admin/controller/catalog/news.php on line 346
2021-06-18 10:56:08 - PHP Notice:  Undefined index: news_description in /opt/lampp/htdocs/demo/admin/controller/catalog/news.php on line 345
2021-06-18 10:56:08 - PHP Notice:  Trying to access array offset on value of type null in /opt/lampp/htdocs/demo/admin/controller/catalog/news.php on line 345
2021-06-18 10:56:08 - PHP Notice:  Trying to access array offset on value of type null in /opt/lampp/htdocs/demo/admin/controller/catalog/news.php on line 345
2021-06-18 10:56:08 - PHP Notice:  Undefined index: news_description in /opt/lampp/htdocs/demo/admin/controller/catalog/news.php on line 346
2021-06-18 10:56:08 - PHP Notice:  Trying to access array offset on value of type null in /opt/lampp/htdocs/demo/admin/controller/catalog/news.php on line 346
2021-06-18 10:56:08 - PHP Notice:  Trying to access array offset on value of type null in /opt/lampp/htdocs/demo/admin/controller/catalog/news.php on line 346
2021-06-18 10:56:18 - PHP Notice:  Undefined index: news_description in /opt/lampp/htdocs/demo/admin/controller/catalog/news.php on line 345
2021-06-18 10:56:18 - PHP Notice:  Trying to access array offset on value of type null in /opt/lampp/htdocs/demo/admin/controller/catalog/news.php on line 345
2021-06-18 10:56:18 - PHP Notice:  Trying to access array offset on value of type null in /opt/lampp/htdocs/demo/admin/controller/catalog/news.php on line 345
2021-06-18 10:56:27 - PHP Notice:  Undefined index: news_description in /opt/lampp/htdocs/demo/admin/controller/catalog/news.php on line 346
2021-06-18 10:56:27 - PHP Notice:  Trying to access array offset on value of type null in /opt/lampp/htdocs/demo/admin/controller/catalog/news.php on line 346
2021-06-18 10:56:27 - PHP Notice:  Trying to access array offset on value of type null in /opt/lampp/htdocs/demo/admin/controller/catalog/news.php on line 346
2021-06-18 10:57:02 - PHP Notice:  Undefined offset: 1 in /opt/lampp/htdocs/demo/admin/controller/catalog/news.php on line 347
2021-06-18 10:57:02 - PHP Notice:  Trying to access array offset on value of type null in /opt/lampp/htdocs/demo/admin/controller/catalog/news.php on line 347
2021-06-18 11:12:53 - PHP Notice:  Undefined index: title in /opt/lampp/htdocs/demo/admin/controller/catalog/news.php on line 30
2021-06-18 11:12:53 - PHP Notice:  Undefined index: printer_name in /opt/lampp/htdocs/demo/admin/model/catalog/news.php on line 4
2021-06-18 11:16:34 - PHP Notice:  Array to string conversion in /opt/lampp/htdocs/demo/admin/controller/catalog/news.php on line 339
2021-06-18 11:16:51 - PHP Notice:  Array to string conversion in /opt/lampp/htdocs/demo/admin/controller/catalog/news.php on line 338
2021-06-18 11:17:20 - PHP Notice:  Array to string conversion in /opt/lampp/htdocs/demo/admin/controller/catalog/news.php on line 338
2021-06-18 11:17:51 - PHP Notice:  Array to string conversion in /opt/lampp/htdocs/demo/admin/controller/catalog/news.php on line 338
2021-06-18 11:19:41 - PHP Notice:  Undefined offset: 3 in /opt/lampp/htdocs/demo/admin/controller/catalog/news.php on line 348
2021-06-18 11:19:41 - PHP Notice:  Trying to access array offset on value of type null in /opt/lampp/htdocs/demo/admin/controller/catalog/news.php on line 348
2021-06-18 11:20:04 - PHP Notice:  Undefined index: printer_name in /opt/lampp/htdocs/demo/admin/model/catalog/news.php on line 32
2021-06-18 11:20:54 - PHP Notice:  Undefined index: printer_name in /opt/lampp/htdocs/demo/admin/model/catalog/news.php on line 4
2021-06-18 11:22:44 - PHP Notice:  Undefined index: printer_name in /opt/lampp/htdocs/demo/admin/model/catalog/news.php on line 4
2021-06-18 11:36:05 - PHP Notice:  Undefined index: printer_name in /opt/lampp/htdocs/demo/admin/model/catalog/news.php on line 4
2021-06-18 11:40:06 - PHP Notice:  Undefined index: printer_name in /opt/lampp/htdocs/demo/admin/model/catalog/news.php on line 7
2021-06-18 11:40:06 - PHP Notice:  Undefined index: printer_name in /opt/lampp/htdocs/demo/admin/model/catalog/news.php on line 7
2021-06-18 11:40:06 - PHP Notice:  Undefined index: printer_name in /opt/lampp/htdocs/demo/admin/model/catalog/news.php on line 7
2021-06-18 11:41:43 - PHP Notice:  Undefined index: printer_name in /opt/lampp/htdocs/demo/admin/model/catalog/news.php on line 7
2021-06-18 11:41:43 - PHP Notice:  Undefined index: printer_name in /opt/lampp/htdocs/demo/admin/model/catalog/news.php on line 7
2021-06-18 11:41:43 - PHP Notice:  Undefined index: printer_name in /opt/lampp/htdocs/demo/admin/model/catalog/news.php on line 7
2021-06-18 11:44:02 - PHP Notice:  Undefined index: printer_name in /opt/lampp/htdocs/demo/admin/model/catalog/news.php on line 7
2021-06-18 11:44:02 - PHP Notice:  Undefined index: printer_name in /opt/lampp/htdocs/demo/admin/model/catalog/news.php on line 7
2021-06-18 11:44:02 - PHP Notice:  Undefined index: printer_name in /opt/lampp/htdocs/demo/admin/model/catalog/news.php on line 7
2021-06-18 11:44:57 - PHP Notice:  Undefined index: printer_name in /opt/lampp/htdocs/demo/admin/model/catalog/news.php on line 4
2021-06-18 11:46:08 - PHP Notice:  Undefined index: printer_name in /opt/lampp/htdocs/demo/admin/model/catalog/news.php on line 4
2021-06-18 11:47:27 - PHP Notice:  Undefined index: printer_name in /opt/lampp/htdocs/demo/admin/model/catalog/news.php on line 34
2021-06-18 11:48:15 - PHP Notice:  Undefined index: printer_name in /opt/lampp/htdocs/demo/admin/model/catalog/news.php on line 4
2021-06-18 11:49:38 - PHP Notice:  Undefined index: printer_name in /opt/lampp/htdocs/demo/admin/model/catalog/news.php on line 40
2021-06-18 11:49:38 - PHP Notice:  Undefined index: printer_name in /opt/lampp/htdocs/demo/admin/model/catalog/news.php on line 40
2021-06-18 11:49:38 - PHP Notice:  Undefined index: printer_name in /opt/lampp/htdocs/demo/admin/model/catalog/news.php on line 40
2021-06-18 11:50:08 - PHP Notice:  Undefined index: printer_name in /opt/lampp/htdocs/demo/admin/model/catalog/news.php on line 4
2021-06-18 11:50:55 - PHP Notice:  Undefined index: printer_name in /opt/lampp/htdocs/demo/admin/model/catalog/news.php on line 40
2021-06-18 11:53:06 - PHP Notice:  Undefined index: printer_name in /opt/lampp/htdocs/demo/admin/model/catalog/news.php on line 4
2021-06-18 11:53:15 - PHP Notice:  Undefined index: image in /opt/lampp/htdocs/demo/admin/model/catalog/news.php on line 40
2021-06-18 11:53:25 - PHP Notice:  Undefined index: image in /opt/lampp/htdocs/demo/admin/model/catalog/news.php on line 40
2021-06-18 12:00:26 - PHP Notice:  Undefined index: printer_name in /opt/lampp/htdocs/demo/admin/model/catalog/news.php on line 4
2021-06-18 12:00:26 - PHP Notice:  Undefined index: image in /opt/lampp/htdocs/demo/admin/model/catalog/news.php on line 13
2021-06-18 12:01:30 - PHP Notice:  Undefined index: image in /opt/lampp/htdocs/demo/admin/model/catalog/news.php on line 13
2021-06-18 12:07:10 - PHP Notice:  Undefined index: image in /opt/lampp/htdocs/demo/admin/model/catalog/news.php on line 30
2021-06-18 12:36:34 - PHP Notice:  Undefined index: image in /opt/lampp/htdocs/demo/admin/model/catalog/news.php on line 32
2021-06-18 12:37:40 - PHP Notice:  Undefined index: image in /opt/lampp/htdocs/demo/admin/model/catalog/news.php on line 32
2021-06-18 13:28:03 - PHP Notice:  Undefined index: image in /opt/lampp/htdocs/demo/admin/controller/catalog/news.php on line 360
2021-06-18 13:28:21 - PHP Notice:  Undefined index: image in /opt/lampp/htdocs/demo/admin/controller/catalog/news.php on line 360
2021-06-18 13:45:37 - PHP Notice:  Undefined variable: news_info in /opt/lampp/htdocs/demo/admin/controller/catalog/news.php on line 370
2021-06-18 13:45:37 - PHP Notice:  Trying to access array offset on value of type null in /opt/lampp/htdocs/demo/admin/controller/catalog/news.php on line 370
2021-06-18 14:08:16 - PHP Notice:  Undefined index: image in /opt/lampp/htdocs/demo/admin/controller/catalog/news.php on line 365
2021-06-18 14:11:46 - PHP Notice:  Undefined index: image in /opt/lampp/htdocs/demo/admin/controller/catalog/news.php on line 365
2021-06-18 14:17:18 - PHP Notice:  Undefined index: image in /opt/lampp/htdocs/demo/admin/controller/catalog/news.php on line 365
2021-06-18 14:17:32 - PHP Notice:  Undefined index: image in /opt/lampp/htdocs/demo/admin/model/catalog/news.php on line 13
2021-06-18 14:42:24 - PHP Notice:  Undefined index: image in /opt/lampp/htdocs/demo/admin/controller/catalog/news.php on line 365
2021-06-18 15:13:06 - PHP Notice:  Undefined variable: news_info in /opt/lampp/htdocs/demo/admin/controller/catalog/news.php on line 365
2021-06-18 15:19:36 - PHP Notice:  Undefined variable: news_info in /opt/lampp/htdocs/demo/admin/controller/catalog/news.php on line 365
2021-06-18 15:19:36 - PHP Notice:  Trying to access array offset on value of type null in /opt/lampp/htdocs/demo/admin/controller/catalog/news.php on line 365
2021-06-18 15:20:27 - PHP Notice:  Undefined variable: news_info in /opt/lampp/htdocs/demo/admin/controller/catalog/news.php on line 365
2021-06-18 15:20:27 - PHP Notice:  Trying to access array offset on value of type null in /opt/lampp/htdocs/demo/admin/controller/catalog/news.php on line 365
2021-06-18 15:20:42 - PHP Notice:  Undefined variable: news_info in /opt/lampp/htdocs/demo/admin/controller/catalog/news.php on line 365
2021-06-18 15:20:42 - PHP Notice:  Trying to access array offset on value of type null in /opt/lampp/htdocs/demo/admin/controller/catalog/news.php on line 365
2021-06-18 15:21:22 - PHP Notice:  Undefined index: title in /opt/lampp/htdocs/demo/admin/controller/catalog/news.php on line 365
2021-06-19 7:09:51 - PHP Notice:  Undefined index: printer_name in /opt/lampp/htdocs/demo/admin/controller/catalog/news.php on line 365
2021-06-19 7:12:44 - PHP Notice:  Undefined variable: news_info in /opt/lampp/htdocs/demo/admin/controller/catalog/news.php on line 365
2021-06-19 7:12:44 - PHP Notice:  Trying to access array offset on value of type null in /opt/lampp/htdocs/demo/admin/controller/catalog/news.php on line 365
2021-06-19 7:12:50 - PHP Notice:  Undefined variable: news_info in /opt/lampp/htdocs/demo/admin/controller/catalog/news.php on line 365
2021-06-19 7:12:50 - PHP Notice:  Trying to access array offset on value of type null in /opt/lampp/htdocs/demo/admin/controller/catalog/news.php on line 365
2021-06-19 7:16:32 - PHP Notice:  Undefined variable: news_info in /opt/lampp/htdocs/demo/admin/controller/catalog/news.php on line 363
2021-06-19 7:16:32 - PHP Notice:  Trying to access array offset on value of type null in /opt/lampp/htdocs/demo/admin/controller/catalog/news.php on line 363
2021-06-19 7:21:55 - PHP Notice:  Undefined variable: news_info in /opt/lampp/htdocs/demo/admin/controller/catalog/news.php on line 363
2021-06-19 7:21:55 - PHP Notice:  Trying to access array offset on value of type null in /opt/lampp/htdocs/demo/admin/controller/catalog/news.php on line 363
